<?xml version="1.0" encoding="UTF-8"?>
<!-- Generated by org.testng.reporters.JUnitXMLReporter -->
<testsuite ignored="0" hostname="DESKTOP-2MSRQI6" failures="0" tests="39" name="Default test" time="2001.627" errors="0" timestamp="2023-09-21T16:31:28 IST">
  <testcase classname="websitePanel.IdelMine" name="testIdelMine" time="61.188"/>
  <testcase classname="websitePanel.IdelMine" name="testIdelMine" time="51.156"/>
  <testcase classname="websitePanel.IdelMine" name="testIdelMine" time="50.977"/>
  <testcase classname="websitePanel.IdelMine" name="testIdelMine" time="51.098"/>
  <testcase classname="websitePanel.IdelMine" name="testIdelMine" time="51.222"/>
  <testcase classname="websitePanel.IdelMine" name="testIdelMine" time="51.156"/>
  <testcase classname="websitePanel.IdelMine" name="testIdelMine" time="50.918"/>
  <testcase classname="websitePanel.IdelMine" name="testIdelMine" time="50.835"/>
  <testcase classname="websitePanel.IdelMine" name="testIdelMine" time="50.878"/>
  <testcase classname="websitePanel.IdelMine" name="testIdelMine" time="50.959"/>
  <testcase classname="websitePanel.IdelMine" name="testIdelMine" time="51.07"/>
  <testcase classname="websitePanel.IdelMine" name="testIdelMine" time="51.302"/>
  <testcase classname="websitePanel.IdelMine" name="testIdelMine" time="51.06"/>
  <testcase classname="websitePanel.IdelMine" name="testIdelMine" time="50.994"/>
  <testcase classname="websitePanel.IdelMine" name="testIdelMine" time="51.056"/>
  <testcase classname="websitePanel.IdelMine" name="testIdelMine" time="51.069"/>
  <testcase classname="websitePanel.IdelMine" name="testIdelMine" time="51.235"/>
  <testcase classname="websitePanel.IdelMine" name="testIdelMine" time="51.125"/>
  <testcase classname="websitePanel.IdelMine" name="testIdelMine" time="51.002"/>
  <testcase classname="websitePanel.IdelMine" name="testIdelMine" time="50.938"/>
  <testcase classname="websitePanel.IdelMine" name="testIdelMine" time="51.094"/>
  <testcase classname="websitePanel.IdelMine" name="testIdelMine" time="51.572"/>
  <testcase classname="websitePanel.IdelMine" name="testIdelMine" time="51.161"/>
  <testcase classname="websitePanel.IdelMine" name="testIdelMine" time="50.922"/>
  <testcase classname="websitePanel.IdelMine" name="testIdelMine" time="51.058"/>
  <testcase classname="websitePanel.IdelMine" name="testIdelMine" time="51.162"/>
  <testcase classname="websitePanel.IdelMine" name="testIdelMine" time="50.843"/>
  <testcase classname="websitePanel.IdelMine" name="testIdelMine" time="51.162"/>
  <testcase classname="websitePanel.IdelMine" name="testIdelMine" time="51.055"/>
  <testcase classname="websitePanel.IdelMine" name="testIdelMine" time="51.046"/>
  <testcase classname="websitePanel.IdelMine" name="testIdelMine" time="50.987"/>
  <testcase classname="websitePanel.IdelMine" name="testIdelMine" time="51.087"/>
  <testcase classname="websitePanel.IdelMine" name="testIdelMine" time="50.971"/>
  <testcase classname="websitePanel.IdelMine" name="testIdelMine" time="51.02"/>
  <testcase classname="websitePanel.IdelMine" name="testIdelMine" time="50.911"/>
  <testcase classname="websitePanel.IdelMine" name="testIdelMine" time="51.013"/>
  <testcase classname="websitePanel.IdelMine" name="testIdelMine" time="51.049"/>
  <testcase classname="websitePanel.IdelMine" name="testIdelMine" time="50.973"/>
  <testcase classname="websitePanel.IdelMine" name="testIdelMine" time="51.085"/>
</testsuite> <!-- Default test -->
