<?xml version="1.0" encoding="UTF-8"?>
<testng-results ignored="0" total="39" passed="39" failed="0" skipped="0">
  <reporter-output>
  </reporter-output>
  <suite started-at="2023-09-21T15:58:07 IST" name="Default suite" finished-at="2023-09-21T16:31:28 IST" duration-ms="2001627">
    <groups>
    </groups>
    <test started-at="2023-09-21T15:58:07 IST" name="Default test" finished-at="2023-09-21T16:31:28 IST" duration-ms="2001627">
      <class name="websitePanel.IdelMine">
        <test-method is-config="true" signature="checkTestSuite()[pri:0, instance:websitePanel.IdelMine@7188af83]" started-at="2023-09-21T15:58:03 IST" name="checkTestSuite" finished-at="2023-09-21T15:58:07 IST" duration-ms="3350" status="PASS">
          <reporter-output>
          </reporter-output>
        </test-method> <!-- checkTestSuite -->
        <test-method is-config="true" signature="checkTestCase()[pri:0, instance:websitePanel.IdelMine@7188af83]" started-at="2023-09-21T15:58:07 IST" name="checkTestCase" finished-at="2023-09-21T15:58:07 IST" duration-ms="2" status="PASS">
          <reporter-output>
          </reporter-output>
        </test-method> <!-- checkTestCase -->
        <test-method signature="testIdelMine(java.lang.String)[pri:0, instance:websitePanel.IdelMine@7188af83]" started-at="2023-09-21T15:58:07 IST" name="testIdelMine" data-provider="getTestDataFromXLS" finished-at="2023-09-21T15:59:08 IST" duration-ms="61188" status="PASS">
          <params>
            <param index="0">
              <value>
                <![CDATA[abonajikaabi@gmail.com]]>
              </value>
            </param>
          </params>
          <reporter-output>
          </reporter-output>
        </test-method> <!-- testIdelMine -->
        <test-method signature="testIdelMine(java.lang.String)[pri:0, instance:websitePanel.IdelMine@7188af83]" started-at="2023-09-21T15:59:08 IST" name="testIdelMine" data-provider="getTestDataFromXLS" finished-at="2023-09-21T15:59:59 IST" duration-ms="51156" status="PASS">
          <params>
            <param index="0">
              <value>
                <![CDATA[cc8801201@outlook.com]]>
              </value>
            </param>
          </params>
          <reporter-output>
          </reporter-output>
        </test-method> <!-- testIdelMine -->
        <test-method signature="testIdelMine(java.lang.String)[pri:0, instance:websitePanel.IdelMine@7188af83]" started-at="2023-09-21T15:59:59 IST" name="testIdelMine" data-provider="getTestDataFromXLS" finished-at="2023-09-21T16:00:50 IST" duration-ms="50977" status="PASS">
          <params>
            <param index="0">
              <value>
                <![CDATA[ronyhprakibul@gmail.com]]>
              </value>
            </param>
          </params>
          <reporter-output>
          </reporter-output>
        </test-method> <!-- testIdelMine -->
        <test-method signature="testIdelMine(java.lang.String)[pri:0, instance:websitePanel.IdelMine@7188af83]" started-at="2023-09-21T16:00:50 IST" name="testIdelMine" data-provider="getTestDataFromXLS" finished-at="2023-09-21T16:01:41 IST" duration-ms="51098" status="PASS">
          <params>
            <param index="0">
              <value>
                <![CDATA[ll19883276822@outlook.com]]>
              </value>
            </param>
          </params>
          <reporter-output>
          </reporter-output>
        </test-method> <!-- testIdelMine -->
        <test-method signature="testIdelMine(java.lang.String)[pri:0, instance:websitePanel.IdelMine@7188af83]" started-at="2023-09-21T16:01:41 IST" name="testIdelMine" data-provider="getTestDataFromXLS" finished-at="2023-09-21T16:02:32 IST" duration-ms="51222" status="PASS">
          <params>
            <param index="0">
              <value>
                <![CDATA[xaoxao6655@outlook.com]]>
              </value>
            </param>
          </params>
          <reporter-output>
          </reporter-output>
        </test-method> <!-- testIdelMine -->
        <test-method signature="testIdelMine(java.lang.String)[pri:0, instance:websitePanel.IdelMine@7188af83]" started-at="2023-09-21T16:02:32 IST" name="testIdelMine" data-provider="getTestDataFromXLS" finished-at="2023-09-21T16:03:24 IST" duration-ms="51156" status="PASS">
          <params>
            <param index="0">
              <value>
                <![CDATA[n19883276822@outlook.com]]>
              </value>
            </param>
          </params>
          <reporter-output>
          </reporter-output>
        </test-method> <!-- testIdelMine -->
        <test-method signature="testIdelMine(java.lang.String)[pri:0, instance:websitePanel.IdelMine@7188af83]" started-at="2023-09-21T16:03:24 IST" name="testIdelMine" data-provider="getTestDataFromXLS" finished-at="2023-09-21T16:04:14 IST" duration-ms="50918" status="PASS">
          <params>
            <param index="0">
              <value>
                <![CDATA[fawad434@gmail.com]]>
              </value>
            </param>
          </params>
          <reporter-output>
          </reporter-output>
        </test-method> <!-- testIdelMine -->
        <test-method signature="testIdelMine(java.lang.String)[pri:0, instance:websitePanel.IdelMine@7188af83]" started-at="2023-09-21T16:04:14 IST" name="testIdelMine" data-provider="getTestDataFromXLS" finished-at="2023-09-21T16:05:05 IST" duration-ms="50835" status="PASS">
          <params>
            <param index="0">
              <value>
                <![CDATA[p9kmyep@outlook.com]]>
              </value>
            </param>
          </params>
          <reporter-output>
          </reporter-output>
        </test-method> <!-- testIdelMine -->
        <test-method signature="testIdelMine(java.lang.String)[pri:0, instance:websitePanel.IdelMine@7188af83]" started-at="2023-09-21T16:05:05 IST" name="testIdelMine" data-provider="getTestDataFromXLS" finished-at="2023-09-21T16:05:56 IST" duration-ms="50878" status="PASS">
          <params>
            <param index="0">
              <value>
                <![CDATA[sunp4dkg9g@hotmail.com]]>
              </value>
            </param>
          </params>
          <reporter-output>
          </reporter-output>
        </test-method> <!-- testIdelMine -->
        <test-method signature="testIdelMine(java.lang.String)[pri:0, instance:websitePanel.IdelMine@7188af83]" started-at="2023-09-21T16:05:56 IST" name="testIdelMine" data-provider="getTestDataFromXLS" finished-at="2023-09-21T16:06:47 IST" duration-ms="50959" status="PASS">
          <params>
            <param index="0">
              <value>
                <![CDATA[urmine.shani@gmail.com]]>
              </value>
            </param>
          </params>
          <reporter-output>
          </reporter-output>
        </test-method> <!-- testIdelMine -->
        <test-method signature="testIdelMine(java.lang.String)[pri:0, instance:websitePanel.IdelMine@7188af83]" started-at="2023-09-21T16:06:47 IST" name="testIdelMine" data-provider="getTestDataFromXLS" finished-at="2023-09-21T16:07:38 IST" duration-ms="51070" status="PASS">
          <params>
            <param index="0">
              <value>
                <![CDATA[vhqvabkg@hotmail.com]]>
              </value>
            </param>
          </params>
          <reporter-output>
          </reporter-output>
        </test-method> <!-- testIdelMine -->
        <test-method signature="testIdelMine(java.lang.String)[pri:0, instance:websitePanel.IdelMine@7188af83]" started-at="2023-09-21T16:07:38 IST" name="testIdelMine" data-provider="getTestDataFromXLS" finished-at="2023-09-21T16:08:30 IST" duration-ms="51302" status="PASS">
          <params>
            <param index="0">
              <value>
                <![CDATA[oqusqkwjshbsuwsiejdj748@gmail.com]]>
              </value>
            </param>
          </params>
          <reporter-output>
          </reporter-output>
        </test-method> <!-- testIdelMine -->
        <test-method signature="testIdelMine(java.lang.String)[pri:0, instance:websitePanel.IdelMine@7188af83]" started-at="2023-09-21T16:08:30 IST" name="testIdelMine" data-provider="getTestDataFromXLS" finished-at="2023-09-21T16:09:21 IST" duration-ms="51060" status="PASS">
          <params>
            <param index="0">
              <value>
                <![CDATA[haiderbinwaqas8@gmail.com]]>
              </value>
            </param>
          </params>
          <reporter-output>
          </reporter-output>
        </test-method> <!-- testIdelMine -->
        <test-method signature="testIdelMine(java.lang.String)[pri:0, instance:websitePanel.IdelMine@7188af83]" started-at="2023-09-21T16:09:21 IST" name="testIdelMine" data-provider="getTestDataFromXLS" finished-at="2023-09-21T16:10:12 IST" duration-ms="50994" status="PASS">
          <params>
            <param index="0">
              <value>
                <![CDATA[dd19883276822@outlook.com]]>
              </value>
            </param>
          </params>
          <reporter-output>
          </reporter-output>
        </test-method> <!-- testIdelMine -->
        <test-method signature="testIdelMine(java.lang.String)[pri:0, instance:websitePanel.IdelMine@7188af83]" started-at="2023-09-21T16:10:12 IST" name="testIdelMine" data-provider="getTestDataFromXLS" finished-at="2023-09-21T16:11:03 IST" duration-ms="51056" status="PASS">
          <params>
            <param index="0">
              <value>
                <![CDATA[n94539432@gmail.com]]>
              </value>
            </param>
          </params>
          <reporter-output>
          </reporter-output>
        </test-method> <!-- testIdelMine -->
        <test-method signature="testIdelMine(java.lang.String)[pri:0, instance:websitePanel.IdelMine@7188af83]" started-at="2023-09-21T16:11:03 IST" name="testIdelMine" data-provider="getTestDataFromXLS" finished-at="2023-09-21T16:11:54 IST" duration-ms="51069" status="PASS">
          <params>
            <param index="0">
              <value>
                <![CDATA[qq123eew@outlook.com]]>
              </value>
            </param>
          </params>
          <reporter-output>
          </reporter-output>
        </test-method> <!-- testIdelMine -->
        <test-method signature="testIdelMine(java.lang.String)[pri:0, instance:websitePanel.IdelMine@7188af83]" started-at="2023-09-21T16:11:54 IST" name="testIdelMine" data-provider="getTestDataFromXLS" finished-at="2023-09-21T16:12:45 IST" duration-ms="51235" status="PASS">
          <params>
            <param index="0">
              <value>
                <![CDATA[afra.sartipi@gmail.com]]>
              </value>
            </param>
          </params>
          <reporter-output>
          </reporter-output>
        </test-method> <!-- testIdelMine -->
        <test-method signature="testIdelMine(java.lang.String)[pri:0, instance:websitePanel.IdelMine@7188af83]" started-at="2023-09-21T16:12:45 IST" name="testIdelMine" data-provider="getTestDataFromXLS" finished-at="2023-09-21T16:13:36 IST" duration-ms="51125" status="PASS">
          <params>
            <param index="0">
              <value>
                <![CDATA[wang528xiax369@outlook.com]]>
              </value>
            </param>
          </params>
          <reporter-output>
          </reporter-output>
        </test-method> <!-- testIdelMine -->
        <test-method signature="testIdelMine(java.lang.String)[pri:0, instance:websitePanel.IdelMine@7188af83]" started-at="2023-09-21T16:13:36 IST" name="testIdelMine" data-provider="getTestDataFromXLS" finished-at="2023-09-21T16:14:27 IST" duration-ms="51002" status="PASS">
          <params>
            <param index="0">
              <value>
                <![CDATA[liu2211liu@outlook.com]]>
              </value>
            </param>
          </params>
          <reporter-output>
          </reporter-output>
        </test-method> <!-- testIdelMine -->
        <test-method signature="testIdelMine(java.lang.String)[pri:0, instance:websitePanel.IdelMine@7188af83]" started-at="2023-09-21T16:14:27 IST" name="testIdelMine" data-provider="getTestDataFromXLS" finished-at="2023-09-21T16:15:18 IST" duration-ms="50938" status="PASS">
          <params>
            <param index="0">
              <value>
                <![CDATA[s8ftdm@outlook.com]]>
              </value>
            </param>
          </params>
          <reporter-output>
          </reporter-output>
        </test-method> <!-- testIdelMine -->
        <test-method signature="testIdelMine(java.lang.String)[pri:0, instance:websitePanel.IdelMine@7188af83]" started-at="2023-09-21T16:15:18 IST" name="testIdelMine" data-provider="getTestDataFromXLS" finished-at="2023-09-21T16:16:09 IST" duration-ms="51094" status="PASS">
          <params>
            <param index="0">
              <value>
                <![CDATA[uchadj@outlook.com]]>
              </value>
            </param>
          </params>
          <reporter-output>
          </reporter-output>
        </test-method> <!-- testIdelMine -->
        <test-method signature="testIdelMine(java.lang.String)[pri:0, instance:websitePanel.IdelMine@7188af83]" started-at="2023-09-21T16:16:09 IST" name="testIdelMine" data-provider="getTestDataFromXLS" finished-at="2023-09-21T16:17:01 IST" duration-ms="51572" status="PASS">
          <params>
            <param index="0">
              <value>
                <![CDATA[seemabakhtar2526@gmail.com]]>
              </value>
            </param>
          </params>
          <reporter-output>
          </reporter-output>
        </test-method> <!-- testIdelMine -->
        <test-method signature="testIdelMine(java.lang.String)[pri:0, instance:websitePanel.IdelMine@7188af83]" started-at="2023-09-21T16:17:01 IST" name="testIdelMine" data-provider="getTestDataFromXLS" finished-at="2023-09-21T16:17:52 IST" duration-ms="51161" status="PASS">
          <params>
            <param index="0">
              <value>
                <![CDATA[saeedaliinasab@gmail.com]]>
              </value>
            </param>
          </params>
          <reporter-output>
          </reporter-output>
        </test-method> <!-- testIdelMine -->
        <test-method signature="testIdelMine(java.lang.String)[pri:0, instance:websitePanel.IdelMine@7188af83]" started-at="2023-09-21T16:17:52 IST" name="testIdelMine" data-provider="getTestDataFromXLS" finished-at="2023-09-21T16:18:43 IST" duration-ms="50922" status="PASS">
          <params>
            <param index="0">
              <value>
                <![CDATA[fkhrshams@gmail.com]]>
              </value>
            </param>
          </params>
          <reporter-output>
          </reporter-output>
        </test-method> <!-- testIdelMine -->
        <test-method signature="testIdelMine(java.lang.String)[pri:0, instance:websitePanel.IdelMine@7188af83]" started-at="2023-09-21T16:18:43 IST" name="testIdelMine" data-provider="getTestDataFromXLS" finished-at="2023-09-21T16:19:34 IST" duration-ms="51058" status="PASS">
          <params>
            <param index="0">
              <value>
                <![CDATA[ufjjdbmoydfdhbe467@gmail.com]]>
              </value>
            </param>
          </params>
          <reporter-output>
          </reporter-output>
        </test-method> <!-- testIdelMine -->
        <test-method signature="testIdelMine(java.lang.String)[pri:0, instance:websitePanel.IdelMine@7188af83]" started-at="2023-09-21T16:19:34 IST" name="testIdelMine" data-provider="getTestDataFromXLS" finished-at="2023-09-21T16:20:25 IST" duration-ms="51162" status="PASS">
          <params>
            <param index="0">
              <value>
                <![CDATA[efckmm@outlook.com]]>
              </value>
            </param>
          </params>
          <reporter-output>
          </reporter-output>
        </test-method> <!-- testIdelMine -->
        <test-method signature="testIdelMine(java.lang.String)[pri:0, instance:websitePanel.IdelMine@7188af83]" started-at="2023-09-21T16:20:25 IST" name="testIdelMine" data-provider="getTestDataFromXLS" finished-at="2023-09-21T16:21:16 IST" duration-ms="50843" status="PASS">
          <params>
            <param index="0">
              <value>
                <![CDATA[x8gqypv@outlook.com]]>
              </value>
            </param>
          </params>
          <reporter-output>
          </reporter-output>
        </test-method> <!-- testIdelMine -->
        <test-method signature="testIdelMine(java.lang.String)[pri:0, instance:websitePanel.IdelMine@7188af83]" started-at="2023-09-21T16:21:16 IST" name="testIdelMine" data-provider="getTestDataFromXLS" finished-at="2023-09-21T16:22:07 IST" duration-ms="51162" status="PASS">
          <params>
            <param index="0">
              <value>
                <![CDATA[atamolvi427@gmail.com]]>
              </value>
            </param>
          </params>
          <reporter-output>
          </reporter-output>
        </test-method> <!-- testIdelMine -->
        <test-method signature="testIdelMine(java.lang.String)[pri:0, instance:websitePanel.IdelMine@7188af83]" started-at="2023-09-21T16:22:07 IST" name="testIdelMine" data-provider="getTestDataFromXLS" finished-at="2023-09-21T16:22:58 IST" duration-ms="51055" status="PASS">
          <params>
            <param index="0">
              <value>
                <![CDATA[shuton123@outlook.com]]>
              </value>
            </param>
          </params>
          <reporter-output>
          </reporter-output>
        </test-method> <!-- testIdelMine -->
        <test-method signature="testIdelMine(java.lang.String)[pri:0, instance:websitePanel.IdelMine@7188af83]" started-at="2023-09-21T16:22:58 IST" name="testIdelMine" data-provider="getTestDataFromXLS" finished-at="2023-09-21T16:23:49 IST" duration-ms="51046" status="PASS">
          <params>
            <param index="0">
              <value>
                <![CDATA[tschbjhydsr3574@gmail.com]]>
              </value>
            </param>
          </params>
          <reporter-output>
          </reporter-output>
        </test-method> <!-- testIdelMine -->
        <test-method signature="testIdelMine(java.lang.String)[pri:0, instance:websitePanel.IdelMine@7188af83]" started-at="2023-09-21T16:23:49 IST" name="testIdelMine" data-provider="getTestDataFromXLS" finished-at="2023-09-21T16:24:40 IST" duration-ms="50987" status="PASS">
          <params>
            <param index="0">
              <value>
                <![CDATA[alexwatts689@gmail.com]]>
              </value>
            </param>
          </params>
          <reporter-output>
          </reporter-output>
        </test-method> <!-- testIdelMine -->
        <test-method signature="testIdelMine(java.lang.String)[pri:0, instance:websitePanel.IdelMine@7188af83]" started-at="2023-09-21T16:24:40 IST" name="testIdelMine" data-provider="getTestDataFromXLS" finished-at="2023-09-21T16:25:31 IST" duration-ms="51087" status="PASS">
          <params>
            <param index="0">
              <value>
                <![CDATA[kk15257452730@outlook.com]]>
              </value>
            </param>
          </params>
          <reporter-output>
          </reporter-output>
        </test-method> <!-- testIdelMine -->
        <test-method signature="testIdelMine(java.lang.String)[pri:0, instance:websitePanel.IdelMine@7188af83]" started-at="2023-09-21T16:25:31 IST" name="testIdelMine" data-provider="getTestDataFromXLS" finished-at="2023-09-21T16:26:22 IST" duration-ms="50971" status="PASS">
          <params>
            <param index="0">
              <value>
                <![CDATA[shamzafar81+1@gmail.com]]>
              </value>
            </param>
          </params>
          <reporter-output>
          </reporter-output>
        </test-method> <!-- testIdelMine -->
        <test-method signature="testIdelMine(java.lang.String)[pri:0, instance:websitePanel.IdelMine@7188af83]" started-at="2023-09-21T16:26:22 IST" name="testIdelMine" data-provider="getTestDataFromXLS" finished-at="2023-09-21T16:27:13 IST" duration-ms="51020" status="PASS">
          <params>
            <param index="0">
              <value>
                <![CDATA[rouchi11g11@outlook.com]]>
              </value>
            </param>
          </params>
          <reporter-output>
          </reporter-output>
        </test-method> <!-- testIdelMine -->
        <test-method signature="testIdelMine(java.lang.String)[pri:0, instance:websitePanel.IdelMine@7188af83]" started-at="2023-09-21T16:27:13 IST" name="testIdelMine" data-provider="getTestDataFromXLS" finished-at="2023-09-21T16:28:04 IST" duration-ms="50911" status="PASS">
          <params>
            <param index="0">
              <value>
                <![CDATA[swapandas111955@gmail.com]]>
              </value>
            </param>
          </params>
          <reporter-output>
          </reporter-output>
        </test-method> <!-- testIdelMine -->
        <test-method signature="testIdelMine(java.lang.String)[pri:0, instance:websitePanel.IdelMine@7188af83]" started-at="2023-09-21T16:28:04 IST" name="testIdelMine" data-provider="getTestDataFromXLS" finished-at="2023-09-21T16:28:55 IST" duration-ms="51013" status="PASS">
          <params>
            <param index="0">
              <value>
                <![CDATA[amirhoseyn19091374@gmail.com]]>
              </value>
            </param>
          </params>
          <reporter-output>
          </reporter-output>
        </test-method> <!-- testIdelMine -->
        <test-method signature="testIdelMine(java.lang.String)[pri:0, instance:websitePanel.IdelMine@7188af83]" started-at="2023-09-21T16:28:55 IST" name="testIdelMine" data-provider="getTestDataFromXLS" finished-at="2023-09-21T16:29:46 IST" duration-ms="51049" status="PASS">
          <params>
            <param index="0">
              <value>
                <![CDATA[ishfaqgul65@gmail.com]]>
              </value>
            </param>
          </params>
          <reporter-output>
          </reporter-output>
        </test-method> <!-- testIdelMine -->
        <test-method signature="testIdelMine(java.lang.String)[pri:0, instance:websitePanel.IdelMine@7188af83]" started-at="2023-09-21T16:29:46 IST" name="testIdelMine" data-provider="getTestDataFromXLS" finished-at="2023-09-21T16:30:37 IST" duration-ms="50973" status="PASS">
          <params>
            <param index="0">
              <value>
                <![CDATA[g1574625@hotmail.com]]>
              </value>
            </param>
          </params>
          <reporter-output>
          </reporter-output>
        </test-method> <!-- testIdelMine -->
        <test-method signature="testIdelMine(java.lang.String)[pri:0, instance:websitePanel.IdelMine@7188af83]" started-at="2023-09-21T16:30:37 IST" name="testIdelMine" data-provider="getTestDataFromXLS" finished-at="2023-09-21T16:31:28 IST" duration-ms="51085" status="PASS">
          <params>
            <param index="0">
              <value>
                <![CDATA[n7v8a3mj@hotmail.com]]>
              </value>
            </param>
          </params>
          <reporter-output>
          </reporter-output>
        </test-method> <!-- testIdelMine -->
      </class> <!-- websitePanel.IdelMine -->
    </test> <!-- Default test -->
  </suite> <!-- Default suite -->
</testng-results>
