<?xml version="1.0" encoding="UTF-8"?>
<testng-results ignored="0" total="1" passed="1" failed="0" skipped="0">
  <reporter-output>
  </reporter-output>
  <suite started-at="2023-10-09T17:25:25 IST" name="Default suite" finished-at="2023-10-09T17:25:49 IST" duration-ms="23787">
    <groups>
    </groups>
    <test started-at="2023-10-09T17:25:25 IST" name="Default test" finished-at="2023-10-09T17:25:49 IST" duration-ms="23787">
      <class name="websitePanel.KlingsStaging">
        <test-method is-config="true" signature="checkTestSuite()[pri:0, instance:websitePanel.KlingsStaging@17fc391b]" started-at="2023-10-09T17:25:22 IST" name="checkTestSuite" finished-at="2023-10-09T17:25:25 IST" duration-ms="3554" status="PASS">
          <reporter-output>
          </reporter-output>
        </test-method> <!-- checkTestSuite -->
        <test-method is-config="true" signature="checkTestCase()[pri:0, instance:websitePanel.KlingsStaging@17fc391b]" started-at="2023-10-09T17:25:25 IST" name="checkTestCase" finished-at="2023-10-09T17:25:25 IST" duration-ms="1" status="PASS">
          <reporter-output>
          </reporter-output>
        </test-method> <!-- checkTestCase -->
        <test-method signature="testKlingsStaging()[pri:0, instance:websitePanel.KlingsStaging@17fc391b]" started-at="2023-10-09T17:25:25 IST" name="testKlingsStaging" finished-at="2023-10-09T17:25:49 IST" duration-ms="23748" status="PASS">
          <reporter-output>
          </reporter-output>
        </test-method> <!-- testKlingsStaging -->
      </class> <!-- websitePanel.KlingsStaging -->
    </test> <!-- Default test -->
  </suite> <!-- Default suite -->
</testng-results>
